<?xml version="1.0" encoding="UTF-8"?>
<!-- Generated by org.testng.reporters.JUnitXMLReporter -->
<testsuite ignored="0" hostname="LAPTOP-HUB3DN2R" failures="0" tests="6" name="Default test" time="53.063" errors="0" timestamp="2024-07-17T11:42:14 IST">
  <testcase classname="com.demoApp.testCases.BuyProductTest" name="clickLoginLinkTest" time="3.711"/>
  <testcase classname="com.demoApp.testCases.BuyProductTest" name="loginSuccessTest" time="4.1"/>
  <testcase classname="com.demoApp.testCases.BuyProductTest" name="searchProductTest" time="1.446"/>
  <testcase classname="com.demoApp.testCases.BuyProductTest" name="findSearchedEntryProductTest" time="0.73"/>
  <testcase classname="com.demoApp.testCases.BuyProductTest" name="productAddToCartTest" time="2.473"/>
  <testcase classname="com.demoApp.testCases.BuyProductTest" name="verifyBuyProductTest" time="27.305"/>
</testsuite> <!-- Default test -->
