<?xml version="1.0" encoding="UTF-8"?>
<!-- Generated by org.testng.reporters.JUnitXMLReporter -->
<testsuite ignored="3" hostname="LAPTOP-HUB3DN2R" failures="0" tests="12" name="BuyProductTest" time="64.327" errors="0" timestamp="2024-07-21T16:03:09 IST">
  <testcase classname="com.demoApp.testCases.LoginPageTest" name="clickLoginInHomePageTest" time="2.021"/>
  <testcase classname="com.demoApp.testCases.LoginPageTest" name="loginSuccessTest" time="5.358"/>
  <testcase classname="com.demoApp.testCases.BuyProductTest" name="searchProductTest" time="2.274"/>
  <testcase classname="com.demoApp.testCases.BuyProductTest" name="findSearchedEntryProductTest" time="1.204"/>
  <testcase classname="com.demoApp.testCases.BuyProductTest" name="productAddToCartTest" time="2.828"/>
  <testcase classname="com.demoApp.testCases.BuyProductTest" name="proceedToCheckoutTest" time="6.04"/>
  <testcase classname="com.demoApp.testCases.BuyProductTest" name="checkBillingAddressTest" time="1.881"/>
  <testcase classname="com.demoApp.testCases.BuyProductTest" name="checkOrderDetailsTest" time="1.007"/>
  <testcase classname="com.demoApp.testCases.BuyProductTest" name="placeOrderTest" time="3.391"/>
  <testcase classname="com.demoApp.testCases.BuyProductTest" name="orderSuccessandReceiptTest" time="5.429"/>
  <testcase classname="com.demoApp.testCases.BuyProductTest" name="printOrderTest" time="2.473"/>
  <testcase classname="com.demoApp.testCases.BuyProductTest" name="logoutTest" time="15.809"/>
  <testcase classname="com.demoApp.testCases.LoginPageTest" name="logoutSuccessTest" time="0.0">
    <ignored/>
  </testcase> <!-- logoutSuccessTest -->
  <testcase classname="com.demoApp.testCases.BaseClass" name="@AfterTest tearDown" time="0.0">
    <ignored/>
  </testcase> <!-- @AfterTest tearDown -->
  <testcase classname="com.demoApp.testCases.BaseClass" name="@BeforeTest setup" time="0.0">
    <ignored/>
  </testcase> <!-- @BeforeTest setup -->
</testsuite> <!-- BuyProductTest -->
