<?xml version="1.0" encoding="UTF-8"?>
<!-- Generated by org.testng.reporters.JUnitXMLReporter -->
<testsuite ignored="3" hostname="LAPTOP-HUB3DN2R" failures="1" tests="12" name="BuyProductTest" time="59.177" errors="0" timestamp="2024-08-06T17:58:28 IST">
  <testcase classname="com.demoApp.testCases.LoginPageTest" name="clickLoginInHomePageTest" time="3.528"/>
  <testcase classname="com.demoApp.testCases.LoginPageTest" name="loginSuccessTest" time="5.004"/>
  <testcase classname="com.demoApp.testCases.BuyProductTest" name="searchProductTest" time="2.764"/>
  <testcase classname="com.demoApp.testCases.BuyProductTest" name="findSearchedEntryProductTest" time="3.986"/>
  <testcase classname="com.demoApp.testCases.BuyProductTest" name="productAddToCartTest" time="3.159"/>
  <testcase classname="com.demoApp.testCases.BuyProductTest" name="proceedToCheckoutTest" time="6.516"/>
  <testcase classname="com.demoApp.testCases.BuyProductTest" name="checkBillingAddressTest" time="1.652"/>
  <testcase classname="com.demoApp.testCases.BuyProductTest" name="checkOrderDetailsTest" time="1.137"/>
  <testcase classname="com.demoApp.testCases.BuyProductTest" name="placeOrderTest" time="4.522">
    <failure type="org.openqa.selenium.ElementClickInterceptedException" message="element click intercepted: Element &amp;lt;button class=&amp;quot;action primary checkout&amp;quot; type=&amp;quot;submit&amp;quot; data-bind=&amp;quot;
                        click: placeOrder,
                        attr: {title: $t(&amp;apos;Place Order&amp;apos;)},
                        css: {disabled: !isPlaceOrderActionAllowed()},
                        enable: (getCode() == isChecked())
                        &amp;quot; title=&amp;quot;Place Order&amp;quot; style=&amp;quot;border: 2px solid yellow;&amp;quot;&amp;gt;...&amp;lt;/button&amp;gt; is not clickable at point (863, 350). Other element would receive the click: &amp;lt;div class=&amp;quot;billing-address-details&amp;quot;&amp;gt;...&amp;lt;/div&amp;gt;
  (Session info: MicrosoftEdge=127.0.2651.86)
Build info: version: &amp;apos;4.22.0&amp;apos;, revision: &amp;apos;c5f3146703*&amp;apos;
System info: os.name: &amp;apos;Windows 11&amp;apos;, os.arch: &amp;apos;amd64&amp;apos;, os.version: &amp;apos;10.0&amp;apos;, java.version: &amp;apos;22.0.1&amp;apos;
Driver info: org.openqa.selenium.edge.EdgeDriver
Command: [6703650dbd41e83ef86babba09dacbd2, clickElement {id=f.56537072A35E8B2CF9565FEDF5D8DE22.d.4C2BE84342AADC0E37B6933E17B4C28A.e.318}]
Capabilities {acceptInsecureCerts: false, browserName: MicrosoftEdge, browserVersion: 127.0.2651.86, fedcm:accounts: true, ms:edgeOptions: {debuggerAddress: localhost:54461}, msedge: {msedgedriverVersion: 127.0.2651.86 (ac31d8b82969..., userDataDir: C:\Users\admin\AppData\Loca...}, networkConnectionEnabled: false, pageLoadStrategy: normal, platformName: windows, proxy: Proxy(), se:cdp: ws://localhost:54461/devtoo..., se:cdpVersion: 127.0.2651.86, setWindowRect: true, strictFileInteractability: false, timeouts: {implicit: 0, pageLoad: 300000, script: 30000}, unhandledPromptBehavior: dismiss and notify, webauthn:extension:credBlob: true, webauthn:extension:largeBlob: true, webauthn:extension:minPinLength: true, webauthn:extension:prf: true, webauthn:virtualAuthenticators: true}
Element: [[EdgeDriver: MicrosoftEdge on windows (6703650dbd41e83ef86babba09dacbd2)] -&amp;gt; xpath: //button[contains(@class,&amp;apos;checkout&amp;apos;)]]
Session ID: 6703650dbd41e83ef86babba09dacbd2">
      <![CDATA[org.openqa.selenium.ElementClickInterceptedException: element click intercepted: Element <button class="action primary checkout" type="submit" data-bind="
                        click: placeOrder,
                        attr: {title: $t('Place Order')},
                        css: {disabled: !isPlaceOrderActionAllowed()},
                        enable: (getCode() == isChecked())
                        " title="Place Order" style="border: 2px solid yellow;">...</button> is not clickable at point (863, 350). Other element would receive the click: <div class="billing-address-details">...</div>
  (Session info: MicrosoftEdge=127.0.2651.86)
Build info: version: '4.22.0', revision: 'c5f3146703*'
System info: os.name: 'Windows 11', os.arch: 'amd64', os.version: '10.0', java.version: '22.0.1'
Driver info: org.openqa.selenium.edge.EdgeDriver
Command: [6703650dbd41e83ef86babba09dacbd2, clickElement {id=f.56537072A35E8B2CF9565FEDF5D8DE22.d.4C2BE84342AADC0E37B6933E17B4C28A.e.318}]
Capabilities {acceptInsecureCerts: false, browserName: MicrosoftEdge, browserVersion: 127.0.2651.86, fedcm:accounts: true, ms:edgeOptions: {debuggerAddress: localhost:54461}, msedge: {msedgedriverVersion: 127.0.2651.86 (ac31d8b82969..., userDataDir: C:\Users\admin\AppData\Loca...}, networkConnectionEnabled: false, pageLoadStrategy: normal, platformName: windows, proxy: Proxy(), se:cdp: ws://localhost:54461/devtoo..., se:cdpVersion: 127.0.2651.86, setWindowRect: true, strictFileInteractability: false, timeouts: {implicit: 0, pageLoad: 300000, script: 30000}, unhandledPromptBehavior: dismiss and notify, webauthn:extension:credBlob: true, webauthn:extension:largeBlob: true, webauthn:extension:minPinLength: true, webauthn:extension:prf: true, webauthn:virtualAuthenticators: true}
Element: [[EdgeDriver: MicrosoftEdge on windows (6703650dbd41e83ef86babba09dacbd2)] -> xpath: //button[contains(@class,'checkout')]]
Session ID: 6703650dbd41e83ef86babba09dacbd2
at org.openqa.selenium.remote.ErrorCodec.decode(ErrorCodec.java:167)
at org.openqa.selenium.remote.codec.w3c.W3CHttpResponseCodec.decode(W3CHttpResponseCodec.java:138)
at org.openqa.selenium.remote.codec.w3c.W3CHttpResponseCodec.decode(W3CHttpResponseCodec.java:50)
at org.openqa.selenium.remote.HttpCommandExecutor.execute(HttpCommandExecutor.java:190)
at org.openqa.selenium.remote.service.DriverCommandExecutor.invokeExecute(DriverCommandExecutor.java:216)
at org.openqa.selenium.remote.service.DriverCommandExecutor.execute(DriverCommandExecutor.java:174)
at org.openqa.selenium.remote.RemoteWebDriver.execute(RemoteWebDriver.java:518)
at org.openqa.selenium.remote.RemoteWebElement.execute(RemoteWebElement.java:223)
at org.openqa.selenium.remote.RemoteWebElement.click(RemoteWebElement.java:76)
at org.openqa.selenium.support.pagefactory.internal.LocatingElementHandler.invoke(LocatingElementHandler.java:51)
at jdk.proxy2/jdk.proxy2.$Proxy30.click(Unknown Source)
at com.demoApp.pageObject.CheckoutPage.clickPlaceOrderButton(CheckoutPage.java:122)
at com.demoApp.testCases.BuyProductTest.placeOrderTest(BuyProductTest.java:161)
at java.base/java.util.ArrayList.forEach(ArrayList.java:1597)
at java.base/java.util.concurrent.FutureTask.run(FutureTask.java:317)
at java.base/java.util.concurrent.ThreadPoolExecutor.runWorker(ThreadPoolExecutor.java:1144)
at java.base/java.util.concurrent.ThreadPoolExecutor$Worker.run(ThreadPoolExecutor.java:642)
at java.base/java.lang.Thread.run(Thread.java:1570)
... Removed 20 stack frames]]>
    </failure>
  </testcase> <!-- placeOrderTest -->
  <testcase classname="com.demoApp.testCases.BuyProductTest" name="orderSuccessandReceiptTest" time="0.0">
    <skipped/>
  </testcase> <!-- orderSuccessandReceiptTest -->
  <testcase classname="com.demoApp.testCases.BuyProductTest" name="printOrderTest" time="0.0">
    <skipped/>
  </testcase> <!-- printOrderTest -->
  <testcase classname="com.demoApp.testCases.BuyProductTest" name="logoutTest" time="0.0">
    <skipped/>
  </testcase> <!-- logoutTest -->
  <testcase classname="com.demoApp.testCases.BaseClass" name="@AfterTest tearDown" time="0.0">
    <ignored/>
  </testcase> <!-- @AfterTest tearDown -->
  <testcase classname="com.demoApp.testCases.LoginPageTest" name="logoutSuccessTest" time="0.0">
    <ignored/>
  </testcase> <!-- logoutSuccessTest -->
  <testcase classname="com.demoApp.testCases.BaseClass" name="@BeforeTest setup" time="0.0">
    <ignored/>
  </testcase> <!-- @BeforeTest setup -->
</testsuite> <!-- BuyProductTest -->
