<?xml version="1.0" encoding="UTF-8"?>
<!-- Generated by org.testng.reporters.JUnitXMLReporter -->
<testsuite ignored="1" hostname="LAPTOP-HUB3DN2R" failures="0" tests="1" name="CreateAccountTest" time="25.031" errors="0" timestamp="2024-07-17T13:21:23 IST">
  <testcase classname="com.demoApp.testCases.CreateAccountPageTest" name="createNewAccountFailedTest" time="5.976"/>
  <testcase classname="com.demoApp.testCases.CreateAccountPageTest" name="createNewAccountTest" time="0.0">
    <ignored/>
  </testcase> <!-- createNewAccountTest -->
</testsuite> <!-- CreateAccountTest -->
