<?xml version="1.0" encoding="UTF-8"?>
<!-- Generated by org.testng.reporters.JUnitXMLReporter -->
<testsuite ignored="0" hostname="LAPTOP-HUB3DN2R" failures="0" tests="3" name="LoginTest" time="40.309" errors="0" timestamp="2024-07-17T13:22:04 IST">
  <testcase classname="com.demoApp.testCases.LoginPageTest" name="clickLoginInHomePageTest" time="3.971"/>
  <testcase classname="com.demoApp.testCases.LoginPageTest" name="loginSuccessTest" time="6.19"/>
  <testcase classname="com.demoApp.testCases.LoginPageTest" name="logoutSuccessTest" time="9.597"/>
</testsuite> <!-- LoginTest -->
