<?xml version="1.0" encoding="UTF-8"?>
<!-- Generated by org.testng.reporters.JUnitXMLReporter -->
<testsuite ignored="1" hostname="LAPTOP-HUB3DN2R" failures="0" tests="5" name="ProductSearchTest" time="41.418" errors="0" timestamp="2024-07-17T13:22:45 IST">
  <testcase classname="com.demoApp.testCases.ProductSearchTest" name="clickLoginLinkTest" time="4.081"/>
  <testcase classname="com.demoApp.testCases.ProductSearchTest" name="loginSuccessTest" time="4.602"/>
  <testcase classname="com.demoApp.testCases.ProductSearchTest" name="searchProductTest" time="3.572"/>
  <testcase classname="com.demoApp.testCases.ProductSearchTest" name="findSearchedEntryProductTest" time="1.181"/>
  <testcase classname="com.demoApp.testCases.ProductSearchTest" name="homePageLogoutTest" time="9.097"/>
  <testcase classname="com.demoApp.testCases.ProductSearchTest" name="goToProductPageTest" time="0.0">
    <ignored/>
  </testcase> <!-- goToProductPageTest -->
</testsuite> <!-- ProductSearchTest -->
