<?xml version="1.0" encoding="UTF-8"?>
<!-- Generated by org.testng.reporters.JUnitXMLReporter -->
<testsuite ignored="1" hostname="LAPTOP-HUB3DN2R" failures="0" tests="1" name="Test" time="46.19" errors="0" timestamp="2024-07-15T08:59:20 IST">
  <testcase classname="com.demoApp.testCases.LoginPageTest" name="verifyLoginTest" time="16.974"/>
  <testcase classname="com.demoApp.testCases.CreateAccountPageTest" name="createNewAccoutTest" time="0.0">
    <ignored/>
  </testcase> <!-- createNewAccoutTest -->
</testsuite> <!-- Test -->
