<?xml version="1.0" encoding="UTF-8"?>
<!-- Generated by org.testng.reporters.JUnitXMLReporter -->
<testsuite ignored="0" hostname="LAPTOP-HUB3DN2R" failures="1" tests="1" name="Test(failed)" time="18.368" errors="0" timestamp="2024-07-14T16:38:12 IST">
  <testcase classname="com.demoApp.testCases.LoginPageTest" name="verifyLoginTest" time="6.276">
    <failure type="java.lang.AssertionError" message="expected [true] but found [false]">
      <![CDATA[java.lang.AssertionError: expected [true] but found [false]
at com.demoApp.testCases.LoginPageTest.verifyLoginTest(LoginPageTest.java:82)
at java.base/java.util.ArrayList.forEach(ArrayList.java:1597)
... Removed 29 stack frames]]>
    </failure>
  </testcase> <!-- verifyLoginTest -->
</testsuite> <!-- Test(failed) -->
