<?xml version="1.0" encoding="UTF-8"?>
<testng-results ignored="0" total="6" passed="4" failed="1" skipped="1">
  <reporter-output>
  </reporter-output>
  <suite started-at="2024-07-17T11:23:41 IST" name="Default suite" finished-at="2024-07-17T11:27:19 IST" duration-ms="217724">
    <groups>
    </groups>
    <test started-at="2024-07-17T11:23:41 IST" name="Default test" finished-at="2024-07-17T11:27:19 IST" duration-ms="217724">
      <class name="com.demoApp.testCases.BuyProductTest">
        <test-method is-config="true" signature="setup()[pri:0, instance:com.demoApp.testCases.BuyProductTest@21b2e768]" started-at="2024-07-17T11:23:41 IST" name="setup" finished-at="2024-07-17T11:26:57 IST" duration-ms="196586" status="PASS">
          <reporter-output>
          </reporter-output>
        </test-method> <!-- setup -->
        <test-method signature="clickLoginLinkTest()[pri:1, instance:com.demoApp.testCases.BuyProductTest@21b2e768]" started-at="2024-07-17T11:26:58 IST" name="clickLoginLinkTest" finished-at="2024-07-17T11:27:03 IST" duration-ms="4690" status="PASS">
          <reporter-output>
          </reporter-output>
        </test-method> <!-- clickLoginLinkTest -->
        <test-method signature="loginSuccessTest()[pri:2, instance:com.demoApp.testCases.BuyProductTest@21b2e768]" started-at="2024-07-17T11:27:03 IST" name="loginSuccessTest" finished-at="2024-07-17T11:27:08 IST" duration-ms="4920" status="FAIL">
          <exception class="org.openqa.selenium.StaleElementReferenceException">
            <message>
              <![CDATA[stale element reference: stale element not found in the current frame
  (Session info: MicrosoftEdge=126.0.2592.102)
For documentation on this error, please visit: https://www.selenium.dev/documentation/webdriver/troubleshooting/errors#stale-element-reference-exception
Build info: version: '4.22.0', revision: 'c5f3146703*'
System info: os.name: 'Windows 11', os.arch: 'amd64', os.version: '10.0', java.version: '22.0.1'
Driver info: org.openqa.selenium.edge.EdgeDriver
Command: [610c94134ce5a6ce105d9fe8567ad9d9, getElementText {id=f.FB595D031059F96522B810609C7C0A94.d.DB795EB1C34BC8E05F8BA7FA1FAA2409.e.104}]
Capabilities {acceptInsecureCerts: false, browserName: MicrosoftEdge, browserVersion: 126.0.2592.102, fedcm:accounts: true, ms:edgeOptions: {debuggerAddress: localhost:51372}, msedge: {msedgedriverVersion: 126.0.2592.102 (720b5d614be..., userDataDir: C:\Users\admin\AppData\Loca...}, networkConnectionEnabled: false, pageLoadStrategy: normal, platformName: windows, proxy: Proxy(), se:cdp: ws://localhost:51372/devtoo..., se:cdpVersion: 126.0.2592.102, setWindowRect: true, strictFileInteractability: false, timeouts: {implicit: 0, pageLoad: 300000, script: 30000}, unhandledPromptBehavior: dismiss and notify, webauthn:extension:credBlob: true, webauthn:extension:largeBlob: true, webauthn:extension:minPinLength: true, webauthn:extension:prf: true, webauthn:virtualAuthenticators: true}
Element: [[EdgeDriver: MicrosoftEdge on windows (610c94134ce5a6ce105d9fe8567ad9d9)] -> xpath: //span[contains(@class,'logged-in')]]
Session ID: 610c94134ce5a6ce105d9fe8567ad9d9]]>
            </message>
            <full-stacktrace>
              <![CDATA[org.openqa.selenium.StaleElementReferenceException: stale element reference: stale element not found in the current frame
  (Session info: MicrosoftEdge=126.0.2592.102)
For documentation on this error, please visit: https://www.selenium.dev/documentation/webdriver/troubleshooting/errors#stale-element-reference-exception
Build info: version: '4.22.0', revision: 'c5f3146703*'
System info: os.name: 'Windows 11', os.arch: 'amd64', os.version: '10.0', java.version: '22.0.1'
Driver info: org.openqa.selenium.edge.EdgeDriver
Command: [610c94134ce5a6ce105d9fe8567ad9d9, getElementText {id=f.FB595D031059F96522B810609C7C0A94.d.DB795EB1C34BC8E05F8BA7FA1FAA2409.e.104}]
Capabilities {acceptInsecureCerts: false, browserName: MicrosoftEdge, browserVersion: 126.0.2592.102, fedcm:accounts: true, ms:edgeOptions: {debuggerAddress: localhost:51372}, msedge: {msedgedriverVersion: 126.0.2592.102 (720b5d614be..., userDataDir: C:\Users\admin\AppData\Loca...}, networkConnectionEnabled: false, pageLoadStrategy: normal, platformName: windows, proxy: Proxy(), se:cdp: ws://localhost:51372/devtoo..., se:cdpVersion: 126.0.2592.102, setWindowRect: true, strictFileInteractability: false, timeouts: {implicit: 0, pageLoad: 300000, script: 30000}, unhandledPromptBehavior: dismiss and notify, webauthn:extension:credBlob: true, webauthn:extension:largeBlob: true, webauthn:extension:minPinLength: true, webauthn:extension:prf: true, webauthn:virtualAuthenticators: true}
Element: [[EdgeDriver: MicrosoftEdge on windows (610c94134ce5a6ce105d9fe8567ad9d9)] -> xpath: //span[contains(@class,'logged-in')]]
Session ID: 610c94134ce5a6ce105d9fe8567ad9d9
at java.base/jdk.internal.reflect.DirectConstructorHandleAccessor.newInstance(DirectConstructorHandleAccessor.java:62)
at java.base/java.lang.reflect.Constructor.newInstanceWithCaller(Constructor.java:502)
at java.base/java.lang.reflect.Constructor.newInstance(Constructor.java:486)
at org.openqa.selenium.remote.ErrorCodec.decode(ErrorCodec.java:167)
at org.openqa.selenium.remote.codec.w3c.W3CHttpResponseCodec.decode(W3CHttpResponseCodec.java:138)
at org.openqa.selenium.remote.codec.w3c.W3CHttpResponseCodec.decode(W3CHttpResponseCodec.java:50)
at org.openqa.selenium.remote.HttpCommandExecutor.execute(HttpCommandExecutor.java:190)
at org.openqa.selenium.remote.service.DriverCommandExecutor.invokeExecute(DriverCommandExecutor.java:216)
at org.openqa.selenium.remote.service.DriverCommandExecutor.execute(DriverCommandExecutor.java:174)
at org.openqa.selenium.remote.RemoteWebDriver.execute(RemoteWebDriver.java:518)
at org.openqa.selenium.remote.RemoteWebElement.execute(RemoteWebElement.java:223)
at org.openqa.selenium.remote.RemoteWebElement.getText(RemoteWebElement.java:191)
at java.base/jdk.internal.reflect.DirectMethodHandleAccessor.invoke(DirectMethodHandleAccessor.java:103)
at java.base/java.lang.reflect.Method.invoke(Method.java:580)
at org.openqa.selenium.support.pagefactory.internal.LocatingElementHandler.invoke(LocatingElementHandler.java:51)
at jdk.proxy2/jdk.proxy2.$Proxy28.getText(Unknown Source)
at com.demoApp.pageObject.HomePage.getWelcomeMessage(HomePage.java:69)
at com.demoApp.testCases.BuyProductTest.lambda$1(BuyProductTest.java:73)
at org.openqa.selenium.support.ui.FluentWait.until(FluentWait.java:203)
at com.demoApp.testCases.BuyProductTest.loginSuccessTest(BuyProductTest.java:73)
at java.base/jdk.internal.reflect.DirectMethodHandleAccessor.invoke(DirectMethodHandleAccessor.java:103)
at java.base/java.lang.reflect.Method.invoke(Method.java:580)
at org.testng.internal.invokers.MethodInvocationHelper.invokeMethod(MethodInvocationHelper.java:141)
at org.testng.internal.invokers.TestInvoker.invokeMethod(TestInvoker.java:686)
at org.testng.internal.invokers.TestInvoker.invokeTestMethod(TestInvoker.java:230)
at org.testng.internal.invokers.MethodRunner.runInSequence(MethodRunner.java:63)
at org.testng.internal.invokers.TestInvoker$MethodInvocationAgent.invoke(TestInvoker.java:992)
at org.testng.internal.invokers.TestInvoker.invokeTestMethods(TestInvoker.java:203)
at org.testng.internal.invokers.TestMethodWorker.invokeTestMethods(TestMethodWorker.java:154)
at org.testng.internal.invokers.TestMethodWorker.run(TestMethodWorker.java:134)
at java.base/java.util.ArrayList.forEach(ArrayList.java:1597)
at org.testng.TestRunner.privateRun(TestRunner.java:739)
at org.testng.TestRunner.run(TestRunner.java:614)
at org.testng.SuiteRunner.runTest(SuiteRunner.java:421)
at org.testng.SuiteRunner.runSequentially(SuiteRunner.java:413)
at org.testng.SuiteRunner.privateRun(SuiteRunner.java:373)
at org.testng.SuiteRunner.run(SuiteRunner.java:312)
at org.testng.SuiteRunnerWorker.runSuite(SuiteRunnerWorker.java:52)
at org.testng.SuiteRunnerWorker.run(SuiteRunnerWorker.java:95)
at org.testng.TestNG.runSuitesSequentially(TestNG.java:1274)
at org.testng.TestNG.runSuitesLocally(TestNG.java:1208)
at org.testng.TestNG.runSuites(TestNG.java:1112)
at org.testng.TestNG.run(TestNG.java:1079)
at org.testng.remote.AbstractRemoteTestNG.run(AbstractRemoteTestNG.java:115)
at org.testng.remote.RemoteTestNG.initAndRun(RemoteTestNG.java:293)
at org.testng.remote.RemoteTestNG.main(RemoteTestNG.java:91)
]]>
            </full-stacktrace>
          </exception> <!-- org.openqa.selenium.StaleElementReferenceException -->
          <reporter-output>
          </reporter-output>
        </test-method> <!-- loginSuccessTest -->
        <test-method signature="verifyBuyProductTest()[pri:0, instance:com.demoApp.testCases.BuyProductTest@21b2e768]" started-at="2024-07-17T11:27:08 IST" name="verifyBuyProductTest" finished-at="2024-07-17T11:27:08 IST" depends-on-methods="com.demoApp.testCases.BuyProductTest.loginSuccessTest" duration-ms="16" status="SKIP">
          <exception class="java.lang.Throwable">
            <message>
              <![CDATA[Method com.demoApp.testCases.BuyProductTest.verifyBuyProductTest() on instance com.demoApp.testCases.BuyProductTest@21b2e768 depends on not successfully finished methods 
[com.demoApp.testCases.BuyProductTest.loginSuccessTest() on instance com.demoApp.testCases.BuyProductTest@21b2e768]]]>
            </message>
            <full-stacktrace>
              <![CDATA[java.lang.Throwable: Method com.demoApp.testCases.BuyProductTest.verifyBuyProductTest() on instance com.demoApp.testCases.BuyProductTest@21b2e768 depends on not successfully finished methods 
[com.demoApp.testCases.BuyProductTest.loginSuccessTest() on instance com.demoApp.testCases.BuyProductTest@21b2e768]
at org.testng.internal.invokers.TestInvoker.invokeTestMethods(TestInvoker.java:159)
at org.testng.internal.invokers.TestMethodWorker.invokeTestMethods(TestMethodWorker.java:154)
at org.testng.internal.invokers.TestMethodWorker.run(TestMethodWorker.java:134)
at java.base/java.util.ArrayList.forEach(ArrayList.java:1597)
at org.testng.TestRunner.privateRun(TestRunner.java:739)
at org.testng.TestRunner.run(TestRunner.java:614)
at org.testng.SuiteRunner.runTest(SuiteRunner.java:421)
at org.testng.SuiteRunner.runSequentially(SuiteRunner.java:413)
at org.testng.SuiteRunner.privateRun(SuiteRunner.java:373)
at org.testng.SuiteRunner.run(SuiteRunner.java:312)
at org.testng.SuiteRunnerWorker.runSuite(SuiteRunnerWorker.java:52)
at org.testng.SuiteRunnerWorker.run(SuiteRunnerWorker.java:95)
at org.testng.TestNG.runSuitesSequentially(TestNG.java:1274)
at org.testng.TestNG.runSuitesLocally(TestNG.java:1208)
at org.testng.TestNG.runSuites(TestNG.java:1112)
at org.testng.TestNG.run(TestNG.java:1079)
at org.testng.remote.AbstractRemoteTestNG.run(AbstractRemoteTestNG.java:115)
at org.testng.remote.RemoteTestNG.initAndRun(RemoteTestNG.java:293)
at org.testng.remote.RemoteTestNG.main(RemoteTestNG.java:91)
]]>
            </full-stacktrace>
          </exception> <!-- java.lang.Throwable -->
          <reporter-output>
          </reporter-output>
        </test-method> <!-- verifyBuyProductTest -->
        <test-method signature="searchProductTest()[pri:3, instance:com.demoApp.testCases.BuyProductTest@21b2e768]" started-at="2024-07-17T11:27:08 IST" name="searchProductTest" finished-at="2024-07-17T11:27:10 IST" duration-ms="1728" status="PASS">
          <reporter-output>
          </reporter-output>
        </test-method> <!-- searchProductTest -->
        <test-method signature="findSearchedEntryProductTest()[pri:4, instance:com.demoApp.testCases.BuyProductTest@21b2e768]" started-at="2024-07-17T11:27:10 IST" name="findSearchedEntryProductTest" finished-at="2024-07-17T11:27:13 IST" duration-ms="2992" status="PASS">
          <reporter-output>
          </reporter-output>
        </test-method> <!-- findSearchedEntryProductTest -->
        <test-method signature="productAddToCartTest()[pri:5, instance:com.demoApp.testCases.BuyProductTest@21b2e768]" started-at="2024-07-17T11:27:13 IST" name="productAddToCartTest" finished-at="2024-07-17T11:27:15 IST" duration-ms="2850" status="PASS">
          <reporter-output>
          </reporter-output>
        </test-method> <!-- productAddToCartTest -->
        <test-method is-config="true" signature="tearDown()[pri:0, instance:com.demoApp.testCases.BuyProductTest@21b2e768]" started-at="2024-07-17T11:27:15 IST" name="tearDown" finished-at="2024-07-17T11:27:19 IST" duration-ms="3103" status="PASS">
          <reporter-output>
          </reporter-output>
        </test-method> <!-- tearDown -->
      </class> <!-- com.demoApp.testCases.BuyProductTest -->
    </test> <!-- Default test -->
  </suite> <!-- Default suite -->
</testng-results>
